{"/mnt/c/Users/hogas/Documents/develop/twitterOpenOriginalImage/src/popup.tsx": {"path":"/mnt/c/Users/hogas/Documents/develop/twitterOpenOriginalImage/src/popup.tsx","statementMap":{"0":{"start":{"line":29,"column":34},"end":{"line":29,"column":39}},"1":{"start":{"line":41,"column":21},"end":{"line":153,"column":1}},"2":{"start":{"line":42,"column":54},"end":{"line":42,"column":59}},"3":{"start":{"line":43,"column":32},"end":{"line":43,"column":56}},"4":{"start":{"line":45,"column":17},"end":{"line":71,"column":15}},"5":{"start":{"line":46,"column":4},"end":{"line":48,"column":7}},"6":{"start":{"line":47,"column":6},"end":{"line":47,"column":58}},"7":{"start":{"line":49,"column":4},"end":{"line":70,"column":6}},"8":{"start":{"line":50,"column":6},"end":{"line":69,"column":8}},"9":{"start":{"line":52,"column":8},"end":{"line":54,"column":9}},"10":{"start":{"line":53,"column":10},"end":{"line":53,"column":17}},"11":{"start":{"line":55,"column":23},"end":{"line":55,"column":48}},"12":{"start":{"line":56,"column":8},"end":{"line":65,"column":9}},"13":{"start":{"line":61,"column":24},"end":{"line":61,"column":38}},"14":{"start":{"line":64,"column":10},"end":{"line":64,"column":17}},"15":{"start":{"line":66,"column":8},"end":{"line":68,"column":10}},"16":{"start":{"line":67,"column":10},"end":{"line":67,"column":39}},"17":{"start":{"line":73,"column":55},"end":{"line":73,"column":57}},"18":{"start":{"line":74,"column":2},"end":{"line":92,"column":5}},"19":{"start":{"line":75,"column":4},"end":{"line":91,"column":6}},"20":{"start":{"line":80,"column":10},"end":{"line":80,"column":78}},"21":{"start":{"line":94,"column":2},"end":{"line":152,"column":4}},"22":{"start":{"line":155,"column":20},"end":{"line":155,"column":32}},"23":{"start":{"line":156,"column":19},"end":{"line":156,"column":47}},"24":{"start":{"line":157,"column":51},"end":{"line":157,"column":53}},"25":{"start":{"line":158,"column":0},"end":{"line":162,"column":3}},"26":{"start":{"line":161,"column":2},"end":{"line":161,"column":54}},"27":{"start":{"line":164,"column":14},"end":{"line":168,"column":1}},"28":{"start":{"line":170,"column":0},"end":{"line":170,"column":70}}},"fnMap":{"0":{"name":"(anonymous_0)","decl":{"start":{"line":41,"column":21},"end":{"line":41,"column":22}},"loc":{"start":{"line":41,"column":39},"end":{"line":153,"column":1}},"line":41},"1":{"name":"(anonymous_1)","decl":{"start":{"line":45,"column":29},"end":{"line":45,"column":30}},"loc":{"start":{"line":45,"column":35},"end":{"line":71,"column":3}},"line":45},"2":{"name":"(anonymous_2)","decl":{"start":{"line":46,"column":23},"end":{"line":46,"column":24}},"loc":{"start":{"line":46,"column":30},"end":{"line":48,"column":5}},"line":46},"3":{"name":"(anonymous_3)","decl":{"start":{"line":49,"column":26},"end":{"line":49,"column":27}},"loc":{"start":{"line":50,"column":6},"end":{"line":69,"column":8}},"line":50},"4":{"name":"(anonymous_4)","decl":{"start":{"line":50,"column":21},"end":{"line":50,"column":22}},"loc":{"start":{"line":50,"column":28},"end":{"line":69,"column":7}},"line":50},"5":{"name":"(anonymous_5)","decl":{"start":{"line":61,"column":17},"end":{"line":61,"column":18}},"loc":{"start":{"line":61,"column":24},"end":{"line":61,"column":38}},"line":61},"6":{"name":"(anonymous_6)","decl":{"start":{"line":66,"column":68},"end":{"line":66,"column":69}},"loc":{"start":{"line":67,"column":10},"end":{"line":67,"column":39}},"line":67},"7":{"name":"(anonymous_7)","decl":{"start":{"line":74,"column":21},"end":{"line":74,"column":22}},"loc":{"start":{"line":74,"column":28},"end":{"line":92,"column":3}},"line":74},"8":{"name":"(anonymous_8)","decl":{"start":{"line":79,"column":17},"end":{"line":79,"column":18}},"loc":{"start":{"line":79,"column":23},"end":{"line":81,"column":9}},"line":79},"9":{"name":"(anonymous_9)","decl":{"start":{"line":158,"column":19},"end":{"line":158,"column":20}},"loc":{"start":{"line":158,"column":26},"end":{"line":162,"column":1}},"line":158}},"branchMap":{"0":{"loc":{"start":{"line":47,"column":26},"end":{"line":47,"column":57}},"type":"cond-expr","locations":[{"start":{"line":47,"column":41},"end":{"line":47,"column":47}},{"start":{"line":47,"column":50},"end":{"line":47,"column":57}}],"line":47},"1":{"loc":{"start":{"line":52,"column":8},"end":{"line":54,"column":9}},"type":"if","locations":[{"start":{"line":52,"column":8},"end":{"line":54,"column":9}},{"start":{"line":52,"column":8},"end":{"line":54,"column":9}}],"line":52},"2":{"loc":{"start":{"line":52,"column":12},"end":{"line":52,"column":31}},"type":"binary-expr","locations":[{"start":{"line":52,"column":12},"end":{"line":52,"column":20}},{"start":{"line":52,"column":24},"end":{"line":52,"column":31}}],"line":52},"3":{"loc":{"start":{"line":56,"column":8},"end":{"line":65,"column":9}},"type":"if","locations":[{"start":{"line":56,"column":8},"end":{"line":65,"column":9}},{"start":{"line":56,"column":8},"end":{"line":65,"column":9}}],"line":56}},"s":{"0":1,"1":1,"2":2,"3":2,"4":2,"5":0,"6":0,"7":0,"8":0,"9":0,"10":0,"11":0,"12":0,"13":0,"14":0,"15":0,"16":0,"17":2,"18":2,"19":10,"20":0,"21":2,"22":1,"23":1,"24":1,"25":1,"26":5,"27":1,"28":1},"f":{"0":2,"1":0,"2":0,"3":0,"4":0,"5":0,"6":0,"7":10,"8":0,"9":5},"b":{"0":[0,0],"1":[0,0],"2":[0,0],"3":[0,0]},"_coverageSchema":"43e27e138ebf9cfc5966b082cf9a028302ed4184","hash":"b6bd200f05e8f4496e9f3af2dcb28cab03f96db5"}
,"/mnt/c/Users/hogas/Documents/develop/twitterOpenOriginalImage/src/helpers/ButtonSetter.ts": {"path":"/mnt/c/Users/hogas/Documents/develop/twitterOpenOriginalImage/src/helpers/ButtonSetter.ts","statementMap":{"0":{"start":{"line":14,"column":4},"end":{"line":17,"column":5}},"1":{"start":{"line":15,"column":6},"end":{"line":15,"column":52}},"2":{"start":{"line":16,"column":6},"end":{"line":16,"column":13}},"3":{"start":{"line":18,"column":4},"end":{"line":18,"column":39}},"4":{"start":{"line":24,"column":4},"end":{"line":24,"column":42}},"5":{"start":{"line":29,"column":4},"end":{"line":29,"column":23}},"6":{"start":{"line":31,"column":4},"end":{"line":31,"column":24}},"7":{"start":{"line":33,"column":4},"end":{"line":33,"column":24}},"8":{"start":{"line":45,"column":4},"end":{"line":47,"column":6}},"9":{"start":{"line":46,"column":6},"end":{"line":46,"column":43}},"10":{"start":{"line":59,"column":18},"end":{"line":63,"column":5}},"11":{"start":{"line":77,"column":19},"end":{"line":77,"column":50}},"12":{"start":{"line":78,"column":4},"end":{"line":78,"column":37}},"13":{"start":{"line":79,"column":4},"end":{"line":79,"column":33}},"14":{"start":{"line":80,"column":4},"end":{"line":80,"column":27}},"15":{"start":{"line":81,"column":4},"end":{"line":81,"column":30}},"16":{"start":{"line":82,"column":4},"end":{"line":84,"column":7}},"17":{"start":{"line":83,"column":6},"end":{"line":83,"column":36}},"18":{"start":{"line":86,"column":22},"end":{"line":86,"column":51}},"19":{"start":{"line":87,"column":4},"end":{"line":87,"column":62}},"20":{"start":{"line":89,"column":4},"end":{"line":89,"column":34}},"21":{"start":{"line":90,"column":4},"end":{"line":90,"column":34}},"22":{"start":{"line":102,"column":4},"end":{"line":105,"column":5}},"23":{"start":{"line":103,"column":6},"end":{"line":103,"column":34}},"24":{"start":{"line":104,"column":6},"end":{"line":104,"column":13}},"25":{"start":{"line":107,"column":19},"end":{"line":107,"column":50}},"26":{"start":{"line":109,"column":4},"end":{"line":109,"column":27}},"27":{"start":{"line":110,"column":4},"end":{"line":110,"column":30}},"28":{"start":{"line":111,"column":18},"end":{"line":111,"column":56}},"29":{"start":{"line":112,"column":4},"end":{"line":120,"column":7}},"30":{"start":{"line":121,"column":4},"end":{"line":123,"column":7}},"31":{"start":{"line":122,"column":6},"end":{"line":122,"column":36}},"32":{"start":{"line":125,"column":22},"end":{"line":125,"column":51}},"33":{"start":{"line":127,"column":4},"end":{"line":127,"column":39}},"34":{"start":{"line":128,"column":4},"end":{"line":132,"column":7}},"35":{"start":{"line":134,"column":4},"end":{"line":134,"column":34}},"36":{"start":{"line":135,"column":4},"end":{"line":135,"column":34}},"37":{"start":{"line":142,"column":4},"end":{"line":144,"column":5}},"38":{"start":{"line":143,"column":6},"end":{"line":143,"column":13}},"39":{"start":{"line":145,"column":19},"end":{"line":145,"column":69}},"40":{"start":{"line":146,"column":4},"end":{"line":148,"column":5}},"41":{"start":{"line":147,"column":6},"end":{"line":147,"column":13}},"42":{"start":{"line":149,"column":22},"end":{"line":149,"column":54}},"43":{"start":{"line":151,"column":4},"end":{"line":188,"column":7}},"44":{"start":{"line":153,"column":6},"end":{"line":165,"column":7}},"45":{"start":{"line":163,"column":8},"end":{"line":163,"column":57}},"46":{"start":{"line":164,"column":8},"end":{"line":164,"column":15}},"47":{"start":{"line":167,"column":25},"end":{"line":169,"column":25}},"48":{"start":{"line":172,"column":29},"end":{"line":174,"column":25}},"49":{"start":{"line":175,"column":6},"end":{"line":187,"column":7}},"50":{"start":{"line":176,"column":27},"end":{"line":181,"column":70}},"51":{"start":{"line":177,"column":10},"end":{"line":181,"column":70}},"52":{"start":{"line":181,"column":27},"end":{"line":181,"column":69}},"53":{"start":{"line":182,"column":8},"end":{"line":186,"column":11}},"54":{"start":{"line":195,"column":4},"end":{"line":197,"column":5}},"55":{"start":{"line":196,"column":6},"end":{"line":196,"column":13}},"56":{"start":{"line":198,"column":22},"end":{"line":198,"column":52}},"57":{"start":{"line":199,"column":4},"end":{"line":210,"column":5}},"58":{"start":{"line":209,"column":6},"end":{"line":209,"column":13}},"59":{"start":{"line":212,"column":23},"end":{"line":214,"column":74}},"60":{"start":{"line":217,"column":23},"end":{"line":222,"column":66}},"61":{"start":{"line":218,"column":6},"end":{"line":222,"column":66}},"62":{"start":{"line":222,"column":23},"end":{"line":222,"column":65}},"63":{"start":{"line":223,"column":4},"end":{"line":227,"column":7}},"64":{"start":{"line":234,"column":4},"end":{"line":236,"column":5}},"65":{"start":{"line":235,"column":6},"end":{"line":235,"column":13}},"66":{"start":{"line":237,"column":22},"end":{"line":237,"column":60}},"67":{"start":{"line":238,"column":19},"end":{"line":240,"column":5}},"68":{"start":{"line":241,"column":4},"end":{"line":243,"column":5}},"69":{"start":{"line":242,"column":6},"end":{"line":242,"column":13}},"70":{"start":{"line":245,"column":4},"end":{"line":281,"column":7}},"71":{"start":{"line":247,"column":25},"end":{"line":249,"column":7}},"72":{"start":{"line":248,"column":8},"end":{"line":248,"column":51}},"73":{"start":{"line":250,"column":6},"end":{"line":255,"column":7}},"74":{"start":{"line":254,"column":8},"end":{"line":254,"column":15}},"75":{"start":{"line":258,"column":21},"end":{"line":258,"column":77}},"76":{"start":{"line":260,"column":25},"end":{"line":274,"column":7}},"77":{"start":{"line":261,"column":26},"end":{"line":261,"column":75}},"78":{"start":{"line":261,"column":49},"end":{"line":261,"column":74}},"79":{"start":{"line":263,"column":8},"end":{"line":266,"column":9}},"80":{"start":{"line":264,"column":10},"end":{"line":264,"column":74}},"81":{"start":{"line":265,"column":10},"end":{"line":265,"column":20}},"82":{"start":{"line":267,"column":8},"end":{"line":272,"column":9}},"83":{"start":{"line":269,"column":30},"end":{"line":269,"column":42}},"84":{"start":{"line":270,"column":10},"end":{"line":270,"column":38}},"85":{"start":{"line":271,"column":10},"end":{"line":271,"column":37}},"86":{"start":{"line":273,"column":8},"end":{"line":273,"column":52}},"87":{"start":{"line":273,"column":36},"end":{"line":273,"column":50}},"88":{"start":{"line":276,"column":6},"end":{"line":280,"column":9}},"89":{"start":{"line":286,"column":31},"end":{"line":286,"column":40}},"90":{"start":{"line":288,"column":25},"end":{"line":290,"column":20}},"91":{"start":{"line":291,"column":4},"end":{"line":293,"column":5}},"92":{"start":{"line":292,"column":6},"end":{"line":292,"column":32}},"93":{"start":{"line":295,"column":24},"end":{"line":295,"column":67}},"94":{"start":{"line":296,"column":4},"end":{"line":298,"column":5}},"95":{"start":{"line":297,"column":6},"end":{"line":297,"column":25}},"96":{"start":{"line":299,"column":4},"end":{"line":299,"column":30}},"97":{"start":{"line":305,"column":16},"end":{"line":305,"column":25}},"98":{"start":{"line":308,"column":6},"end":{"line":309,"column":43}},"99":{"start":{"line":310,"column":4},"end":{"line":315,"column":5}},"100":{"start":{"line":311,"column":26},"end":{"line":311,"column":69}},"101":{"start":{"line":312,"column":6},"end":{"line":314,"column":7}},"102":{"start":{"line":313,"column":8},"end":{"line":313,"column":28}},"103":{"start":{"line":317,"column":4},"end":{"line":317,"column":17}}},"fnMap":{"0":{"name":"(anonymous_0)","decl":{"start":{"line":13,"column":2},"end":{"line":13,"column":3}},"loc":{"start":{"line":13,"column":47},"end":{"line":19,"column":3}},"line":13},"1":{"name":"(anonymous_1)","decl":{"start":{"line":22,"column":2},"end":{"line":22,"column":3}},"loc":{"start":{"line":22,"column":50},"end":{"line":25,"column":3}},"line":22},"2":{"name":"(anonymous_2)","decl":{"start":{"line":27,"column":2},"end":{"line":27,"column":3}},"loc":{"start":{"line":27,"column":63},"end":{"line":34,"column":3}},"line":27},"3":{"name":"(anonymous_3)","decl":{"start":{"line":41,"column":2},"end":{"line":41,"column":3}},"loc":{"start":{"line":44,"column":4},"end":{"line":48,"column":3}},"line":44},"4":{"name":"(anonymous_4)","decl":{"start":{"line":45,"column":40},"end":{"line":45,"column":41}},"loc":{"start":{"line":46,"column":6},"end":{"line":46,"column":43}},"line":46},"5":{"name":"(anonymous_5)","decl":{"start":{"line":50,"column":2},"end":{"line":50,"column":3}},"loc":{"start":{"line":58,"column":5},"end":{"line":91,"column":3}},"line":58},"6":{"name":"(anonymous_6)","decl":{"start":{"line":82,"column":37},"end":{"line":82,"column":38}},"loc":{"start":{"line":82,"column":42},"end":{"line":84,"column":5}},"line":82},"7":{"name":"(anonymous_7)","decl":{"start":{"line":93,"column":2},"end":{"line":93,"column":3}},"loc":{"start":{"line":101,"column":5},"end":{"line":136,"column":3}},"line":101},"8":{"name":"(anonymous_8)","decl":{"start":{"line":121,"column":37},"end":{"line":121,"column":38}},"loc":{"start":{"line":121,"column":42},"end":{"line":123,"column":5}},"line":121},"9":{"name":"(anonymous_9)","decl":{"start":{"line":138,"column":2},"end":{"line":138,"column":3}},"loc":{"start":{"line":138,"column":49},"end":{"line":189,"column":3}},"line":138},"10":{"name":"(anonymous_10)","decl":{"start":{"line":151,"column":31},"end":{"line":151,"column":32}},"loc":{"start":{"line":151,"column":40},"end":{"line":188,"column":5}},"line":151},"11":{"name":"(anonymous_11)","decl":{"start":{"line":176,"column":27},"end":{"line":176,"column":28}},"loc":{"start":{"line":177,"column":10},"end":{"line":181,"column":70}},"line":177},"12":{"name":"(anonymous_12)","decl":{"start":{"line":181,"column":16},"end":{"line":181,"column":17}},"loc":{"start":{"line":181,"column":27},"end":{"line":181,"column":69}},"line":181},"13":{"name":"(anonymous_13)","decl":{"start":{"line":191,"column":2},"end":{"line":191,"column":3}},"loc":{"start":{"line":191,"column":52},"end":{"line":228,"column":3}},"line":191},"14":{"name":"(anonymous_14)","decl":{"start":{"line":217,"column":23},"end":{"line":217,"column":24}},"loc":{"start":{"line":218,"column":6},"end":{"line":222,"column":66}},"line":218},"15":{"name":"(anonymous_15)","decl":{"start":{"line":222,"column":12},"end":{"line":222,"column":13}},"loc":{"start":{"line":222,"column":23},"end":{"line":222,"column":65}},"line":222},"16":{"name":"(anonymous_16)","decl":{"start":{"line":230,"column":2},"end":{"line":230,"column":3}},"loc":{"start":{"line":230,"column":60},"end":{"line":282,"column":3}},"line":230},"17":{"name":"(anonymous_17)","decl":{"start":{"line":245,"column":19},"end":{"line":245,"column":20}},"loc":{"start":{"line":245,"column":28},"end":{"line":281,"column":5}},"line":245},"18":{"name":"(anonymous_18)","decl":{"start":{"line":247,"column":72},"end":{"line":247,"column":73}},"loc":{"start":{"line":248,"column":8},"end":{"line":248,"column":51}},"line":248},"19":{"name":"(anonymous_19)","decl":{"start":{"line":260,"column":25},"end":{"line":260,"column":26}},"loc":{"start":{"line":260,"column":31},"end":{"line":274,"column":7}},"line":260},"20":{"name":"(anonymous_20)","decl":{"start":{"line":261,"column":41},"end":{"line":261,"column":42}},"loc":{"start":{"line":261,"column":49},"end":{"line":261,"column":74}},"line":261},"21":{"name":"(anonymous_21)","decl":{"start":{"line":273,"column":29},"end":{"line":273,"column":30}},"loc":{"start":{"line":273,"column":36},"end":{"line":273,"column":50}},"line":273},"22":{"name":"(anonymous_22)","decl":{"start":{"line":284,"column":2},"end":{"line":284,"column":3}},"loc":{"start":{"line":284,"column":33},"end":{"line":300,"column":3}},"line":284},"23":{"name":"(anonymous_23)","decl":{"start":{"line":302,"column":2},"end":{"line":302,"column":3}},"loc":{"start":{"line":302,"column":44},"end":{"line":318,"column":3}},"line":302}},"branchMap":{"0":{"loc":{"start":{"line":14,"column":4},"end":{"line":17,"column":5}},"type":"if","locations":[{"start":{"line":14,"column":4},"end":{"line":17,"column":5}},{"start":{"line":14,"column":4},"end":{"line":17,"column":5}}],"line":14},"1":{"loc":{"start":{"line":102,"column":4},"end":{"line":105,"column":5}},"type":"if","locations":[{"start":{"line":102,"column":4},"end":{"line":105,"column":5}},{"start":{"line":102,"column":4},"end":{"line":105,"column":5}}],"line":102},"2":{"loc":{"start":{"line":142,"column":4},"end":{"line":144,"column":5}},"type":"if","locations":[{"start":{"line":142,"column":4},"end":{"line":144,"column":5}},{"start":{"line":142,"column":4},"end":{"line":144,"column":5}}],"line":142},"3":{"loc":{"start":{"line":146,"column":4},"end":{"line":148,"column":5}},"type":"if","locations":[{"start":{"line":146,"column":4},"end":{"line":148,"column":5}},{"start":{"line":146,"column":4},"end":{"line":148,"column":5}}],"line":146},"4":{"loc":{"start":{"line":153,"column":6},"end":{"line":165,"column":7}},"type":"if","locations":[{"start":{"line":153,"column":6},"end":{"line":165,"column":7}},{"start":{"line":153,"column":6},"end":{"line":165,"column":7}}],"line":153},"5":{"loc":{"start":{"line":154,"column":8},"end":{"line":161,"column":60}},"type":"binary-expr","locations":[{"start":{"line":154,"column":8},"end":{"line":160,"column":9}},{"start":{"line":161,"column":8},"end":{"line":161,"column":60}}],"line":154},"6":{"loc":{"start":{"line":155,"column":10},"end":{"line":159,"column":53}},"type":"binary-expr","locations":[{"start":{"line":155,"column":10},"end":{"line":156,"column":13}},{"start":{"line":157,"column":10},"end":{"line":159,"column":53}}],"line":155},"7":{"loc":{"start":{"line":175,"column":6},"end":{"line":187,"column":7}},"type":"if","locations":[{"start":{"line":175,"column":6},"end":{"line":187,"column":7}},{"start":{"line":175,"column":6},"end":{"line":187,"column":7}}],"line":175},"8":{"loc":{"start":{"line":195,"column":4},"end":{"line":197,"column":5}},"type":"if","locations":[{"start":{"line":195,"column":4},"end":{"line":197,"column":5}},{"start":{"line":195,"column":4},"end":{"line":197,"column":5}}],"line":195},"9":{"loc":{"start":{"line":199,"column":4},"end":{"line":210,"column":5}},"type":"if","locations":[{"start":{"line":199,"column":4},"end":{"line":210,"column":5}},{"start":{"line":199,"column":4},"end":{"line":210,"column":5}}],"line":199},"10":{"loc":{"start":{"line":200,"column":6},"end":{"line":204,"column":61}},"type":"binary-expr","locations":[{"start":{"line":200,"column":6},"end":{"line":200,"column":70}},{"start":{"line":201,"column":6},"end":{"line":203,"column":66}},{"start":{"line":204,"column":6},"end":{"line":204,"column":61}}],"line":200},"11":{"loc":{"start":{"line":234,"column":4},"end":{"line":236,"column":5}},"type":"if","locations":[{"start":{"line":234,"column":4},"end":{"line":236,"column":5}},{"start":{"line":234,"column":4},"end":{"line":236,"column":5}}],"line":234},"12":{"loc":{"start":{"line":241,"column":4},"end":{"line":243,"column":5}},"type":"if","locations":[{"start":{"line":241,"column":4},"end":{"line":243,"column":5}},{"start":{"line":241,"column":4},"end":{"line":243,"column":5}}],"line":241},"13":{"loc":{"start":{"line":250,"column":6},"end":{"line":255,"column":7}},"type":"if","locations":[{"start":{"line":250,"column":6},"end":{"line":255,"column":7}},{"start":{"line":250,"column":6},"end":{"line":255,"column":7}}],"line":250},"14":{"loc":{"start":{"line":251,"column":8},"end":{"line":252,"column":50}},"type":"binary-expr","locations":[{"start":{"line":251,"column":8},"end":{"line":251,"column":31}},{"start":{"line":252,"column":8},"end":{"line":252,"column":50}}],"line":251},"15":{"loc":{"start":{"line":263,"column":8},"end":{"line":266,"column":9}},"type":"if","locations":[{"start":{"line":263,"column":8},"end":{"line":266,"column":9}},{"start":{"line":263,"column":8},"end":{"line":266,"column":9}}],"line":263},"16":{"loc":{"start":{"line":267,"column":8},"end":{"line":272,"column":9}},"type":"if","locations":[{"start":{"line":267,"column":8},"end":{"line":272,"column":9}},{"start":{"line":267,"column":8},"end":{"line":272,"column":9}}],"line":267},"17":{"loc":{"start":{"line":273,"column":36},"end":{"line":273,"column":50}},"type":"binary-expr","locations":[{"start":{"line":273,"column":36},"end":{"line":273,"column":39}},{"start":{"line":273,"column":43},"end":{"line":273,"column":50}}],"line":273},"18":{"loc":{"start":{"line":291,"column":4},"end":{"line":293,"column":5}},"type":"if","locations":[{"start":{"line":291,"column":4},"end":{"line":293,"column":5}},{"start":{"line":291,"column":4},"end":{"line":293,"column":5}}],"line":291},"19":{"loc":{"start":{"line":291,"column":10},"end":{"line":291,"column":44}},"type":"binary-expr","locations":[{"start":{"line":291,"column":10},"end":{"line":291,"column":22}},{"start":{"line":291,"column":26},"end":{"line":291,"column":44}}],"line":291},"20":{"loc":{"start":{"line":296,"column":4},"end":{"line":298,"column":5}},"type":"if","locations":[{"start":{"line":296,"column":4},"end":{"line":298,"column":5}},{"start":{"line":296,"column":4},"end":{"line":298,"column":5}}],"line":296},"21":{"loc":{"start":{"line":296,"column":8},"end":{"line":296,"column":45}},"type":"binary-expr","locations":[{"start":{"line":296,"column":8},"end":{"line":296,"column":19}},{"start":{"line":296,"column":23},"end":{"line":296,"column":45}}],"line":296},"22":{"loc":{"start":{"line":308,"column":6},"end":{"line":309,"column":43}},"type":"binary-expr","locations":[{"start":{"line":308,"column":6},"end":{"line":308,"column":43}},{"start":{"line":309,"column":6},"end":{"line":309,"column":43}}],"line":308},"23":{"loc":{"start":{"line":310,"column":4},"end":{"line":315,"column":5}},"type":"if","locations":[{"start":{"line":310,"column":4},"end":{"line":315,"column":5}},{"start":{"line":310,"column":4},"end":{"line":315,"column":5}}],"line":310},"24":{"loc":{"start":{"line":310,"column":8},"end":{"line":310,"column":42}},"type":"binary-expr","locations":[{"start":{"line":310,"column":8},"end":{"line":310,"column":20}},{"start":{"line":310,"column":24},"end":{"line":310,"column":42}}],"line":310},"25":{"loc":{"start":{"line":312,"column":6},"end":{"line":314,"column":7}},"type":"if","locations":[{"start":{"line":312,"column":6},"end":{"line":314,"column":7}},{"start":{"line":312,"column":6},"end":{"line":314,"column":7}}],"line":312},"26":{"loc":{"start":{"line":312,"column":10},"end":{"line":312,"column":47}},"type":"binary-expr","locations":[{"start":{"line":312,"column":10},"end":{"line":312,"column":21}},{"start":{"line":312,"column":25},"end":{"line":312,"column":47}}],"line":312}},"s":{"0":2,"1":1,"2":1,"3":1,"4":1,"5":1,"6":1,"7":1,"8":2,"9":5,"10":1,"11":1,"12":1,"13":1,"14":1,"15":1,"16":1,"17":1,"18":1,"19":1,"20":1,"21":1,"22":0,"23":0,"24":0,"25":0,"26":0,"27":0,"28":0,"29":0,"30":0,"31":0,"32":0,"33":0,"34":0,"35":0,"36":0,"37":0,"38":0,"39":0,"40":0,"41":0,"42":0,"43":0,"44":0,"45":0,"46":0,"47":0,"48":0,"49":0,"50":0,"51":0,"52":0,"53":0,"54":0,"55":0,"56":0,"57":0,"58":0,"59":0,"60":0,"61":0,"62":0,"63":0,"64":0,"65":0,"66":0,"67":0,"68":0,"69":0,"70":0,"71":0,"72":0,"73":0,"74":0,"75":0,"76":0,"77":0,"78":0,"79":0,"80":0,"81":0,"82":0,"83":0,"84":0,"85":0,"86":0,"87":0,"88":0,"89":1,"90":1,"91":1,"92":1,"93":0,"94":0,"95":0,"96":0,"97":0,"98":0,"99":0,"100":0,"101":0,"102":0,"103":0},"f":{"0":2,"1":1,"2":1,"3":2,"4":5,"5":1,"6":1,"7":0,"8":0,"9":0,"10":0,"11":0,"12":0,"13":0,"14":0,"15":0,"16":0,"17":0,"18":0,"19":0,"20":0,"21":0,"22":1,"23":0},"b":{"0":[1,1],"1":[0,0],"2":[0,0],"3":[0,0],"4":[0,0],"5":[0,0],"6":[0,0],"7":[0,0],"8":[0,0],"9":[0,0],"10":[0,0,0],"11":[0,0],"12":[0,0],"13":[0,0],"14":[0,0],"15":[0,0],"16":[0,0],"17":[0,0],"18":[1,0],"19":[1,0],"20":[0,0],"21":[0,0],"22":[0,0],"23":[0,0],"24":[0,0],"25":[0,0],"26":[0,0]},"_coverageSchema":"43e27e138ebf9cfc5966b082cf9a028302ed4184","hash":"589ab1f5d93cfefdea611db6ce9bb50da565107e"}
,"/mnt/c/Users/hogas/Documents/develop/twitterOpenOriginalImage/src/helpers/ButtonSetterTweetDeck.ts": {"path":"/mnt/c/Users/hogas/Documents/develop/twitterOpenOriginalImage/src/helpers/ButtonSetterTweetDeck.ts","statementMap":{"0":{"start":{"line":18,"column":4},"end":{"line":20,"column":5}},"1":{"start":{"line":19,"column":6},"end":{"line":19,"column":13}},"2":{"start":{"line":23,"column":19},"end":{"line":25,"column":38}},"3":{"start":{"line":26,"column":4},"end":{"line":28,"column":5}},"4":{"start":{"line":27,"column":6},"end":{"line":27,"column":13}},"5":{"start":{"line":29,"column":22},"end":{"line":29,"column":64}},"6":{"start":{"line":31,"column":4},"end":{"line":60,"column":7}},"7":{"start":{"line":32,"column":6},"end":{"line":43,"column":7}},"8":{"start":{"line":42,"column":8},"end":{"line":42,"column":15}},"9":{"start":{"line":45,"column":21},"end":{"line":45,"column":75}},"10":{"start":{"line":46,"column":6},"end":{"line":59,"column":7}},"11":{"start":{"line":47,"column":27},"end":{"line":51,"column":9}},"12":{"start":{"line":48,"column":10},"end":{"line":50,"column":79}},"13":{"start":{"line":50,"column":27},"end":{"line":50,"column":77}},"14":{"start":{"line":52,"column":8},"end":{"line":56,"column":11}},"15":{"start":{"line":58,"column":8},"end":{"line":58,"column":66}},"16":{"start":{"line":68,"column":4},"end":{"line":70,"column":5}},"17":{"start":{"line":69,"column":6},"end":{"line":69,"column":13}},"18":{"start":{"line":74,"column":19},"end":{"line":76,"column":38}},"19":{"start":{"line":77,"column":4},"end":{"line":79,"column":5}},"20":{"start":{"line":78,"column":6},"end":{"line":78,"column":13}},"21":{"start":{"line":80,"column":22},"end":{"line":80,"column":62}},"22":{"start":{"line":82,"column":4},"end":{"line":121,"column":7}},"23":{"start":{"line":83,"column":6},"end":{"line":92,"column":7}},"24":{"start":{"line":91,"column":8},"end":{"line":91,"column":15}},"25":{"start":{"line":93,"column":21},"end":{"line":95,"column":32}},"26":{"start":{"line":98,"column":6},"end":{"line":101,"column":7}},"27":{"start":{"line":99,"column":8},"end":{"line":99,"column":70}},"28":{"start":{"line":100,"column":8},"end":{"line":100,"column":15}},"29":{"start":{"line":103,"column":25},"end":{"line":114,"column":7}},"30":{"start":{"line":104,"column":8},"end":{"line":113,"column":9}},"31":{"start":{"line":105,"column":10},"end":{"line":108,"column":12}},"32":{"start":{"line":110,"column":10},"end":{"line":112,"column":79}},"33":{"start":{"line":112,"column":27},"end":{"line":112,"column":77}},"34":{"start":{"line":116,"column":6},"end":{"line":120,"column":9}},"35":{"start":{"line":133,"column":4},"end":{"line":136,"column":5}},"36":{"start":{"line":134,"column":6},"end":{"line":134,"column":34}},"37":{"start":{"line":135,"column":6},"end":{"line":135,"column":13}},"38":{"start":{"line":138,"column":20},"end":{"line":138,"column":55}},"39":{"start":{"line":139,"column":24},"end":{"line":141,"column":17}},"40":{"start":{"line":143,"column":18},"end":{"line":152,"column":5}},"41":{"start":{"line":166,"column":19},"end":{"line":166,"column":46}},"42":{"start":{"line":167,"column":4},"end":{"line":167,"column":68}},"43":{"start":{"line":168,"column":4},"end":{"line":168,"column":33}},"44":{"start":{"line":169,"column":4},"end":{"line":171,"column":7}},"45":{"start":{"line":170,"column":6},"end":{"line":170,"column":36}},"46":{"start":{"line":172,"column":4},"end":{"line":172,"column":55}},"47":{"start":{"line":174,"column":4},"end":{"line":174,"column":31}},"48":{"start":{"line":178,"column":4},"end":{"line":180,"column":5}},"49":{"start":{"line":179,"column":6},"end":{"line":179,"column":77}},"50":{"start":{"line":181,"column":4},"end":{"line":181,"column":16}}},"fnMap":{"0":{"name":"(anonymous_0)","decl":{"start":{"line":14,"column":2},"end":{"line":14,"column":3}},"loc":{"start":{"line":14,"column":47},"end":{"line":61,"column":3}},"line":14},"1":{"name":"(anonymous_1)","decl":{"start":{"line":31,"column":31},"end":{"line":31,"column":32}},"loc":{"start":{"line":31,"column":40},"end":{"line":60,"column":5}},"line":31},"2":{"name":"(anonymous_2)","decl":{"start":{"line":47,"column":27},"end":{"line":47,"column":28}},"loc":{"start":{"line":47,"column":33},"end":{"line":51,"column":9}},"line":47},"3":{"name":"(anonymous_3)","decl":{"start":{"line":50,"column":16},"end":{"line":50,"column":17}},"loc":{"start":{"line":50,"column":27},"end":{"line":50,"column":77}},"line":50},"4":{"name":"(anonymous_4)","decl":{"start":{"line":64,"column":2},"end":{"line":64,"column":3}},"loc":{"start":{"line":64,"column":50},"end":{"line":122,"column":3}},"line":64},"5":{"name":"(anonymous_5)","decl":{"start":{"line":82,"column":31},"end":{"line":82,"column":32}},"loc":{"start":{"line":82,"column":40},"end":{"line":121,"column":5}},"line":82},"6":{"name":"(anonymous_6)","decl":{"start":{"line":103,"column":25},"end":{"line":103,"column":26}},"loc":{"start":{"line":103,"column":31},"end":{"line":114,"column":7}},"line":103},"7":{"name":"(anonymous_7)","decl":{"start":{"line":112,"column":16},"end":{"line":112,"column":17}},"loc":{"start":{"line":112,"column":27},"end":{"line":112,"column":77}},"line":112},"8":{"name":"(anonymous_8)","decl":{"start":{"line":124,"column":2},"end":{"line":124,"column":3}},"loc":{"start":{"line":132,"column":5},"end":{"line":175,"column":3}},"line":132},"9":{"name":"(anonymous_9)","decl":{"start":{"line":169,"column":37},"end":{"line":169,"column":38}},"loc":{"start":{"line":169,"column":42},"end":{"line":171,"column":5}},"line":169},"10":{"name":"(anonymous_10)","decl":{"start":{"line":177,"column":2},"end":{"line":177,"column":3}},"loc":{"start":{"line":177,"column":54},"end":{"line":182,"column":3}},"line":177}},"branchMap":{"0":{"loc":{"start":{"line":18,"column":4},"end":{"line":20,"column":5}},"type":"if","locations":[{"start":{"line":18,"column":4},"end":{"line":20,"column":5}},{"start":{"line":18,"column":4},"end":{"line":20,"column":5}}],"line":18},"1":{"loc":{"start":{"line":26,"column":4},"end":{"line":28,"column":5}},"type":"if","locations":[{"start":{"line":26,"column":4},"end":{"line":28,"column":5}},{"start":{"line":26,"column":4},"end":{"line":28,"column":5}}],"line":26},"2":{"loc":{"start":{"line":32,"column":6},"end":{"line":43,"column":7}},"type":"if","locations":[{"start":{"line":32,"column":6},"end":{"line":43,"column":7}},{"start":{"line":32,"column":6},"end":{"line":43,"column":7}}],"line":32},"3":{"loc":{"start":{"line":33,"column":8},"end":{"line":36,"column":54}},"type":"binary-expr","locations":[{"start":{"line":33,"column":8},"end":{"line":33,"column":67}},{"start":{"line":34,"column":8},"end":{"line":34,"column":55}},{"start":{"line":35,"column":8},"end":{"line":35,"column":53}},{"start":{"line":36,"column":8},"end":{"line":36,"column":54}}],"line":33},"4":{"loc":{"start":{"line":46,"column":6},"end":{"line":59,"column":7}},"type":"if","locations":[{"start":{"line":46,"column":6},"end":{"line":59,"column":7}},{"start":{"line":46,"column":6},"end":{"line":59,"column":7}}],"line":46},"5":{"loc":{"start":{"line":68,"column":4},"end":{"line":70,"column":5}},"type":"if","locations":[{"start":{"line":68,"column":4},"end":{"line":70,"column":5}},{"start":{"line":68,"column":4},"end":{"line":70,"column":5}}],"line":68},"6":{"loc":{"start":{"line":77,"column":4},"end":{"line":79,"column":5}},"type":"if","locations":[{"start":{"line":77,"column":4},"end":{"line":79,"column":5}},{"start":{"line":77,"column":4},"end":{"line":79,"column":5}}],"line":77},"7":{"loc":{"start":{"line":83,"column":6},"end":{"line":92,"column":7}},"type":"if","locations":[{"start":{"line":83,"column":6},"end":{"line":92,"column":7}},{"start":{"line":83,"column":6},"end":{"line":92,"column":7}}],"line":83},"8":{"loc":{"start":{"line":84,"column":8},"end":{"line":86,"column":54}},"type":"binary-expr","locations":[{"start":{"line":84,"column":9},"end":{"line":84,"column":58}},{"start":{"line":85,"column":10},"end":{"line":85,"column":61}},{"start":{"line":86,"column":8},"end":{"line":86,"column":54}}],"line":84},"9":{"loc":{"start":{"line":98,"column":6},"end":{"line":101,"column":7}},"type":"if","locations":[{"start":{"line":98,"column":6},"end":{"line":101,"column":7}},{"start":{"line":98,"column":6},"end":{"line":101,"column":7}}],"line":98},"10":{"loc":{"start":{"line":104,"column":8},"end":{"line":113,"column":9}},"type":"if","locations":[{"start":{"line":104,"column":8},"end":{"line":113,"column":9}},{"start":{"line":104,"column":8},"end":{"line":113,"column":9}}],"line":104},"11":{"loc":{"start":{"line":133,"column":4},"end":{"line":136,"column":5}},"type":"if","locations":[{"start":{"line":133,"column":4},"end":{"line":136,"column":5}},{"start":{"line":133,"column":4},"end":{"line":136,"column":5}}],"line":133},"12":{"loc":{"start":{"line":139,"column":24},"end":{"line":141,"column":17}},"type":"cond-expr","locations":[{"start":{"line":140,"column":8},"end":{"line":140,"column":46}},{"start":{"line":141,"column":8},"end":{"line":141,"column":17}}],"line":139},"13":{"loc":{"start":{"line":178,"column":4},"end":{"line":180,"column":5}},"type":"if","locations":[{"start":{"line":178,"column":4},"end":{"line":180,"column":5}},{"start":{"line":178,"column":4},"end":{"line":180,"column":5}}],"line":178},"14":{"loc":{"start":{"line":178,"column":8},"end":{"line":178,"column":54}},"type":"binary-expr","locations":[{"start":{"line":178,"column":8},"end":{"line":178,"column":21}},{"start":{"line":178,"column":25},"end":{"line":178,"column":54}}],"line":178}},"s":{"0":0,"1":0,"2":0,"3":0,"4":0,"5":0,"6":0,"7":0,"8":0,"9":0,"10":0,"11":0,"12":0,"13":0,"14":0,"15":0,"16":0,"17":0,"18":0,"19":0,"20":0,"21":0,"22":0,"23":0,"24":0,"25":0,"26":0,"27":0,"28":0,"29":0,"30":0,"31":0,"32":0,"33":0,"34":0,"35":0,"36":0,"37":0,"38":0,"39":0,"40":0,"41":0,"42":0,"43":0,"44":0,"45":0,"46":0,"47":0,"48":0,"49":0,"50":0},"f":{"0":0,"1":0,"2":0,"3":0,"4":0,"5":0,"6":0,"7":0,"8":0,"9":0,"10":0},"b":{"0":[0,0],"1":[0,0],"2":[0,0],"3":[0,0,0,0],"4":[0,0],"5":[0,0],"6":[0,0],"7":[0,0],"8":[0,0,0],"9":[0,0],"10":[0,0],"11":[0,0],"12":[0,0],"13":[0,0],"14":[0,0]},"_coverageSchema":"43e27e138ebf9cfc5966b082cf9a028302ed4184","hash":"4443cbec609375699223ae3569fa3e5575f3cfdf"}
,"/mnt/c/Users/hogas/Documents/develop/twitterOpenOriginalImage/src/helpers/ButtonSetters.ts": {"path":"/mnt/c/Users/hogas/Documents/develop/twitterOpenOriginalImage/src/helpers/ButtonSetters.ts","statementMap":{"0":{"start":{"line":10,"column":41},"end":{"line":10,"column":43}},"1":{"start":{"line":12,"column":0},"end":{"line":12,"column":53}},"2":{"start":{"line":13,"column":0},"end":{"line":13,"column":72}}},"fnMap":{},"branchMap":{},"s":{"0":1,"1":1,"2":1},"f":{},"b":{},"_coverageSchema":"43e27e138ebf9cfc5966b082cf9a028302ed4184","hash":"7af40827a1562d189274f6c08bc5ace84c0ffbbd"}
,"/mnt/c/Users/hogas/Documents/develop/twitterOpenOriginalImage/src/helpers/Constants.ts": {"path":"/mnt/c/Users/hogas/Documents/develop/twitterOpenOriginalImage/src/helpers/Constants.ts","statementMap":{"0":{"start":{"line":4,"column":30},"end":{"line":4,"column":46}},"1":{"start":{"line":5,"column":33},"end":{"line":5,"column":52}},"2":{"start":{"line":8,"column":32},"end":{"line":8,"column":45}},"3":{"start":{"line":9,"column":32},"end":{"line":9,"column":50}},"4":{"start":{"line":10,"column":36},"end":{"line":10,"column":58}},"5":{"start":{"line":12,"column":42},"end":{"line":12,"column":65}},"6":{"start":{"line":13,"column":42},"end":{"line":13,"column":70}},"7":{"start":{"line":14,"column":46},"end":{"line":14,"column":78}},"8":{"start":{"line":16,"column":34},"end":{"line":16,"column":49}},"9":{"start":{"line":17,"column":34},"end":{"line":17,"column":54}},"10":{"start":{"line":22,"column":22},"end":{"line":22,"column":30}},"11":{"start":{"line":23,"column":23},"end":{"line":23,"column":32}},"12":{"start":{"line":40,"column":40},"end":{"line":49,"column":1}},"13":{"start":{"line":50,"column":55},"end":{"line":59,"column":1}}},"fnMap":{},"branchMap":{},"s":{"0":6,"1":6,"2":6,"3":6,"4":6,"5":6,"6":6,"7":6,"8":6,"9":6,"10":6,"11":6,"12":6,"13":6},"f":{},"b":{},"_coverageSchema":"43e27e138ebf9cfc5966b082cf9a028302ed4184","hash":"641ac01afde99ca2f1c083a0c37f478409fd5acd"}
,"/mnt/c/Users/hogas/Documents/develop/twitterOpenOriginalImage/src/helpers/Utils.ts": {"path":"/mnt/c/Users/hogas/Documents/develop/twitterOpenOriginalImage/src/helpers/Utils.ts","statementMap":{"0":{"start":{"line":11,"column":30},"end":{"line":13,"column":1}},"1":{"start":{"line":12,"column":2},"end":{"line":12,"column":73}},"2":{"start":{"line":16,"column":32},"end":{"line":67,"column":1}},"3":{"start":{"line":25,"column":2},"end":{"line":28,"column":3}},"4":{"start":{"line":27,"column":4},"end":{"line":27,"column":16}},"5":{"start":{"line":30,"column":14},"end":{"line":30,"column":29}},"6":{"start":{"line":34,"column":6},"end":{"line":37,"column":3}},"7":{"start":{"line":38,"column":2},"end":{"line":46,"column":7}},"8":{"start":{"line":42,"column":27},"end":{"line":42,"column":41}},"9":{"start":{"line":43,"column":6},"end":{"line":45,"column":7}},"10":{"start":{"line":44,"column":8},"end":{"line":44,"column":31}},"11":{"start":{"line":49,"column":18},"end":{"line":49,"column":77}},"12":{"start":{"line":51,"column":35},"end":{"line":51,"column":46}},"13":{"start":{"line":53,"column":20},"end":{"line":53,"column":52}},"14":{"start":{"line":55,"column":21},"end":{"line":55,"column":39}},"15":{"start":{"line":57,"column":2},"end":{"line":66,"column":4}},"16":{"start":{"line":70,"column":25},"end":{"line":83,"column":1}},"17":{"start":{"line":71,"column":2},"end":{"line":73,"column":3}},"18":{"start":{"line":72,"column":4},"end":{"line":72,"column":16}},"19":{"start":{"line":75,"column":17},"end":{"line":75,"column":41}},"20":{"start":{"line":76,"column":2},"end":{"line":79,"column":3}},"21":{"start":{"line":78,"column":4},"end":{"line":78,"column":18}},"22":{"start":{"line":81,"column":47},"end":{"line":81,"column":53}},"23":{"start":{"line":82,"column":2},"end":{"line":82,"column":70}},"24":{"start":{"line":86,"column":26},"end":{"line":102,"column":1}},"25":{"start":{"line":87,"column":2},"end":{"line":90,"column":3}},"26":{"start":{"line":88,"column":4},"end":{"line":88,"column":38}},"27":{"start":{"line":89,"column":4},"end":{"line":89,"column":11}},"28":{"start":{"line":91,"column":2},"end":{"line":101,"column":7}},"29":{"start":{"line":95,"column":18},"end":{"line":95,"column":35}},"30":{"start":{"line":96,"column":6},"end":{"line":100,"column":7}},"31":{"start":{"line":97,"column":8},"end":{"line":97,"column":25}},"32":{"start":{"line":99,"column":8},"end":{"line":99,"column":39}},"33":{"start":{"line":105,"column":26},"end":{"line":129,"column":1}},"34":{"start":{"line":106,"column":2},"end":{"line":106,"column":32}},"35":{"start":{"line":107,"column":2},"end":{"line":128,"column":5}},"36":{"start":{"line":108,"column":36},"end":{"line":110,"column":5}},"37":{"start":{"line":111,"column":21},"end":{"line":117,"column":5}},"38":{"start":{"line":112,"column":6},"end":{"line":116,"column":7}},"39":{"start":{"line":113,"column":8},"end":{"line":113,"column":31}},"40":{"start":{"line":115,"column":8},"end":{"line":115,"column":17}},"41":{"start":{"line":118,"column":4},"end":{"line":118,"column":50}},"42":{"start":{"line":120,"column":47},"end":{"line":120,"column":49}},"43":{"start":{"line":121,"column":4},"end":{"line":123,"column":7}},"44":{"start":{"line":122,"column":6},"end":{"line":122,"column":41}},"45":{"start":{"line":125,"column":4},"end":{"line":125,"column":45}},"46":{"start":{"line":127,"column":4},"end":{"line":127,"column":19}}},"fnMap":{"0":{"name":"(anonymous_0)","decl":{"start":{"line":11,"column":30},"end":{"line":11,"column":31}},"loc":{"start":{"line":11,"column":57},"end":{"line":13,"column":1}},"line":11},"1":{"name":"(anonymous_1)","decl":{"start":{"line":16,"column":32},"end":{"line":16,"column":33}},"loc":{"start":{"line":24,"column":12},"end":{"line":67,"column":1}},"line":24},"2":{"name":"(anonymous_2)","decl":{"start":{"line":41,"column":13},"end":{"line":41,"column":14}},"loc":{"start":{"line":41,"column":20},"end":{"line":46,"column":5}},"line":41},"3":{"name":"(anonymous_3)","decl":{"start":{"line":70,"column":25},"end":{"line":70,"column":26}},"loc":{"start":{"line":70,"column":52},"end":{"line":83,"column":1}},"line":70},"4":{"name":"(anonymous_4)","decl":{"start":{"line":86,"column":26},"end":{"line":86,"column":27}},"loc":{"start":{"line":86,"column":58},"end":{"line":102,"column":1}},"line":86},"5":{"name":"(anonymous_5)","decl":{"start":{"line":93,"column":13},"end":{"line":93,"column":14}},"loc":{"start":{"line":93,"column":23},"end":{"line":101,"column":5}},"line":93},"6":{"name":"(anonymous_6)","decl":{"start":{"line":105,"column":26},"end":{"line":105,"column":27}},"loc":{"start":{"line":105,"column":32},"end":{"line":129,"column":1}},"line":105},"7":{"name":"(anonymous_7)","decl":{"start":{"line":107,"column":21},"end":{"line":107,"column":22}},"loc":{"start":{"line":107,"column":42},"end":{"line":119,"column":3}},"line":107},"8":{"name":"(anonymous_8)","decl":{"start":{"line":111,"column":21},"end":{"line":111,"column":22}},"loc":{"start":{"line":111,"column":52},"end":{"line":117,"column":5}},"line":111},"9":{"name":"(anonymous_9)","decl":{"start":{"line":119,"column":10},"end":{"line":119,"column":11}},"loc":{"start":{"line":119,"column":34},"end":{"line":128,"column":3}},"line":119},"10":{"name":"(anonymous_10)","decl":{"start":{"line":121,"column":37},"end":{"line":121,"column":38}},"loc":{"start":{"line":121,"column":61},"end":{"line":123,"column":5}},"line":121}},"branchMap":{"0":{"loc":{"start":{"line":25,"column":2},"end":{"line":28,"column":3}},"type":"if","locations":[{"start":{"line":25,"column":2},"end":{"line":28,"column":3}},{"start":{"line":25,"column":2},"end":{"line":28,"column":3}}],"line":25},"1":{"loc":{"start":{"line":43,"column":6},"end":{"line":45,"column":7}},"type":"if","locations":[{"start":{"line":43,"column":6},"end":{"line":45,"column":7}},{"start":{"line":43,"column":6},"end":{"line":45,"column":7}}],"line":43},"2":{"loc":{"start":{"line":43,"column":10},"end":{"line":43,"column":44}},"type":"binary-expr","locations":[{"start":{"line":43,"column":10},"end":{"line":43,"column":26}},{"start":{"line":43,"column":30},"end":{"line":43,"column":44}}],"line":43},"3":{"loc":{"start":{"line":55,"column":21},"end":{"line":55,"column":39}},"type":"binary-expr","locations":[{"start":{"line":55,"column":21},"end":{"line":55,"column":31}},{"start":{"line":55,"column":35},"end":{"line":55,"column":39}}],"line":55},"4":{"loc":{"start":{"line":64,"column":12},"end":{"line":64,"column":41}},"type":"binary-expr","locations":[{"start":{"line":64,"column":12},"end":{"line":64,"column":21}},{"start":{"line":64,"column":25},"end":{"line":64,"column":41}}],"line":64},"5":{"loc":{"start":{"line":65,"column":10},"end":{"line":65,"column":38}},"type":"binary-expr","locations":[{"start":{"line":65,"column":10},"end":{"line":65,"column":24}},{"start":{"line":65,"column":28},"end":{"line":65,"column":38}}],"line":65},"6":{"loc":{"start":{"line":71,"column":2},"end":{"line":73,"column":3}},"type":"if","locations":[{"start":{"line":71,"column":2},"end":{"line":73,"column":3}},{"start":{"line":71,"column":2},"end":{"line":73,"column":3}}],"line":71},"7":{"loc":{"start":{"line":71,"column":6},"end":{"line":71,"column":36}},"type":"binary-expr","locations":[{"start":{"line":71,"column":6},"end":{"line":71,"column":13}},{"start":{"line":71,"column":17},"end":{"line":71,"column":36}}],"line":71},"8":{"loc":{"start":{"line":76,"column":2},"end":{"line":79,"column":3}},"type":"if","locations":[{"start":{"line":76,"column":2},"end":{"line":79,"column":3}},{"start":{"line":76,"column":2},"end":{"line":79,"column":3}}],"line":76},"9":{"loc":{"start":{"line":87,"column":2},"end":{"line":90,"column":3}},"type":"if","locations":[{"start":{"line":87,"column":2},"end":{"line":90,"column":3}},{"start":{"line":87,"column":2},"end":{"line":90,"column":3}}],"line":87},"10":{"loc":{"start":{"line":96,"column":6},"end":{"line":100,"column":7}},"type":"if","locations":[{"start":{"line":96,"column":6},"end":{"line":100,"column":7}},{"start":{"line":96,"column":6},"end":{"line":100,"column":7}}],"line":96},"11":{"loc":{"start":{"line":112,"column":6},"end":{"line":116,"column":7}},"type":"if","locations":[{"start":{"line":112,"column":6},"end":{"line":116,"column":7}},{"start":{"line":112,"column":6},"end":{"line":116,"column":7}}],"line":112},"12":{"loc":{"start":{"line":122,"column":21},"end":{"line":122,"column":40}},"type":"binary-expr","locations":[{"start":{"line":122,"column":21},"end":{"line":122,"column":30}},{"start":{"line":122,"column":34},"end":{"line":122,"column":40}}],"line":122}},"s":{"0":3,"1":4,"2":3,"3":39,"4":4,"5":35,"6":35,"7":35,"8":48,"9":48,"10":38,"11":35,"12":35,"13":35,"14":35,"15":35,"16":3,"17":27,"18":2,"19":25,"20":25,"21":3,"22":22,"23":22,"24":3,"25":7,"26":1,"27":1,"28":6,"29":13,"30":13,"31":11,"32":2,"33":3,"34":3,"35":3,"36":3,"37":3,"38":3,"39":2,"40":1,"41":3,"42":2,"43":2,"44":10,"45":2,"46":2},"f":{"0":4,"1":39,"2":48,"3":27,"4":7,"5":13,"6":3,"7":3,"8":3,"9":2,"10":10},"b":{"0":[4,35],"1":[38,10],"2":[48,25],"3":[35,31],"4":[35,17],"5":[35,20],"6":[2,25],"7":[27,25],"8":[3,22],"9":[1,6],"10":[11,2],"11":[2,1],"12":[10,5]},"_coverageSchema":"43e27e138ebf9cfc5966b082cf9a028302ed4184","hash":"dd013d393481487947a2252df4c80555a5c81889"}
}
