TN:
SF:/mnt/c/Users/hogas/Documents/develop/twitterOpenOriginalImage/src/popup.tsx
FN:41,(anonymous_0)
FN:45,(anonymous_1)
FN:46,(anonymous_2)
FN:49,(anonymous_3)
FN:50,(anonymous_4)
FN:61,(anonymous_5)
FN:66,(anonymous_6)
FN:74,(anonymous_7)
FN:79,(anonymous_8)
FN:158,(anonymous_9)
FNF:10
FNH:3
FNDA:2,(anonymous_0)
FNDA:0,(anonymous_1)
FNDA:0,(anonymous_2)
FNDA:0,(anonymous_3)
FNDA:0,(anonymous_4)
FNDA:0,(anonymous_5)
FNDA:0,(anonymous_6)
FNDA:10,(anonymous_7)
FNDA:0,(anonymous_8)
FNDA:5,(anonymous_9)
DA:29,1
DA:41,1
DA:42,2
DA:43,2
DA:45,2
DA:46,0
DA:47,0
DA:49,0
DA:50,0
DA:52,0
DA:53,0
DA:55,0
DA:56,0
DA:61,0
DA:64,0
DA:66,0
DA:67,0
DA:73,2
DA:74,2
DA:75,10
DA:80,0
DA:94,2
DA:155,1
DA:156,1
DA:157,1
DA:158,1
DA:161,5
DA:164,1
DA:170,1
LF:29
LH:16
BRDA:47,0,0,0
BRDA:47,0,1,0
BRDA:52,1,0,0
BRDA:52,1,1,0
BRDA:52,2,0,0
BRDA:52,2,1,0
BRDA:56,3,0,0
BRDA:56,3,1,0
BRF:8
BRH:0
end_of_record
TN:
SF:/mnt/c/Users/hogas/Documents/develop/twitterOpenOriginalImage/src/helpers/ButtonSetter.ts
FN:13,(anonymous_0)
FN:22,(anonymous_1)
FN:27,(anonymous_2)
FN:41,(anonymous_3)
FN:45,(anonymous_4)
FN:50,(anonymous_5)
FN:82,(anonymous_6)
FN:93,(anonymous_7)
FN:121,(anonymous_8)
FN:138,(anonymous_9)
FN:151,(anonymous_10)
FN:175,(anonymous_11)
FN:180,(anonymous_12)
FN:190,(anonymous_13)
FN:216,(anonymous_14)
FN:221,(anonymous_15)
FN:229,(anonymous_16)
FN:244,(anonymous_17)
FN:246,(anonymous_18)
FN:259,(anonymous_19)
FN:260,(anonymous_20)
FN:272,(anonymous_21)
FN:283,(anonymous_22)
FN:301,(anonymous_23)
FNF:24
FNH:8
FNDA:2,(anonymous_0)
FNDA:1,(anonymous_1)
FNDA:1,(anonymous_2)
FNDA:2,(anonymous_3)
FNDA:5,(anonymous_4)
FNDA:1,(anonymous_5)
FNDA:1,(anonymous_6)
FNDA:0,(anonymous_7)
FNDA:0,(anonymous_8)
FNDA:0,(anonymous_9)
FNDA:0,(anonymous_10)
FNDA:0,(anonymous_11)
FNDA:0,(anonymous_12)
FNDA:0,(anonymous_13)
FNDA:0,(anonymous_14)
FNDA:0,(anonymous_15)
FNDA:0,(anonymous_16)
FNDA:0,(anonymous_17)
FNDA:0,(anonymous_18)
FNDA:0,(anonymous_19)
FNDA:0,(anonymous_20)
FNDA:0,(anonymous_21)
FNDA:1,(anonymous_22)
FNDA:0,(anonymous_23)
DA:14,2
DA:15,1
DA:16,1
DA:18,1
DA:24,1
DA:29,1
DA:31,1
DA:33,1
DA:45,2
DA:46,5
DA:59,1
DA:77,1
DA:78,1
DA:79,1
DA:80,1
DA:81,1
DA:82,1
DA:83,1
DA:86,1
DA:87,1
DA:89,1
DA:90,1
DA:102,0
DA:103,0
DA:104,0
DA:107,0
DA:109,0
DA:110,0
DA:111,0
DA:112,0
DA:121,0
DA:122,0
DA:125,0
DA:127,0
DA:128,0
DA:134,0
DA:135,0
DA:142,0
DA:143,0
DA:145,0
DA:146,0
DA:147,0
DA:149,0
DA:151,0
DA:153,0
DA:163,0
DA:166,0
DA:171,0
DA:174,0
DA:175,0
DA:176,0
DA:180,0
DA:181,0
DA:194,0
DA:195,0
DA:197,0
DA:198,0
DA:208,0
DA:211,0
DA:216,0
DA:217,0
DA:221,0
DA:222,0
DA:233,0
DA:234,0
DA:236,0
DA:237,0
DA:240,0
DA:241,0
DA:244,0
DA:246,0
DA:247,0
DA:249,0
DA:253,0
DA:257,0
DA:259,0
DA:260,0
DA:262,0
DA:263,0
DA:264,0
DA:266,0
DA:268,0
DA:269,0
DA:270,0
DA:272,0
DA:275,0
DA:285,1
DA:287,1
DA:290,1
DA:291,1
DA:294,0
DA:295,0
DA:296,0
DA:298,0
DA:304,0
DA:307,0
DA:309,0
DA:310,0
DA:311,0
DA:312,0
DA:316,0
LF:101
LH:26
BRDA:14,0,0,1
BRDA:14,0,1,1
BRDA:102,1,0,0
BRDA:102,1,1,0
BRDA:142,2,0,0
BRDA:142,2,1,0
BRDA:146,3,0,0
BRDA:146,3,1,0
BRDA:153,4,0,0
BRDA:153,4,1,0
BRDA:154,5,0,0
BRDA:154,5,1,0
BRDA:155,6,0,0
BRDA:155,6,1,0
BRDA:174,7,0,0
BRDA:174,7,1,0
BRDA:194,8,0,0
BRDA:194,8,1,0
BRDA:198,9,0,0
BRDA:198,9,1,0
BRDA:199,10,0,0
BRDA:199,10,1,0
BRDA:199,10,2,0
BRDA:233,11,0,0
BRDA:233,11,1,0
BRDA:240,12,0,0
BRDA:240,12,1,0
BRDA:249,13,0,0
BRDA:249,13,1,0
BRDA:250,14,0,0
BRDA:250,14,1,0
BRDA:262,15,0,0
BRDA:262,15,1,0
BRDA:266,16,0,0
BRDA:266,16,1,0
BRDA:272,17,0,0
BRDA:272,17,1,0
BRDA:290,18,0,1
BRDA:290,18,1,0
BRDA:290,19,0,1
BRDA:290,19,1,0
BRDA:295,20,0,0
BRDA:295,20,1,0
BRDA:295,21,0,0
BRDA:295,21,1,0
BRDA:307,22,0,0
BRDA:307,22,1,0
BRDA:309,23,0,0
BRDA:309,23,1,0
BRDA:309,24,0,0
BRDA:309,24,1,0
BRDA:311,25,0,0
BRDA:311,25,1,0
BRDA:311,26,0,0
BRDA:311,26,1,0
BRF:55
BRH:4
end_of_record
TN:
SF:/mnt/c/Users/hogas/Documents/develop/twitterOpenOriginalImage/src/helpers/ButtonSetterTweetDeck.ts
FN:14,(anonymous_0)
FN:31,(anonymous_1)
FN:47,(anonymous_2)
FN:50,(anonymous_3)
FN:64,(anonymous_4)
FN:80,(anonymous_5)
FN:101,(anonymous_6)
FN:110,(anonymous_7)
FN:122,(anonymous_8)
FN:167,(anonymous_9)
FN:175,(anonymous_10)
FNF:11
FNH:9
FNDA:12,(anonymous_0)
FNDA:11,(anonymous_1)
FNDA:7,(anonymous_2)
FNDA:16,(anonymous_3)
FNDA:5,(anonymous_4)
FNDA:6,(anonymous_5)
FNDA:5,(anonymous_6)
FNDA:16,(anonymous_7)
FNDA:0,(anonymous_8)
FNDA:0,(anonymous_9)
FNDA:32,(anonymous_10)
DA:18,12
DA:19,1
DA:23,11
DA:26,11
DA:27,4
DA:29,7
DA:31,7
DA:32,11
DA:42,4
DA:45,7
DA:46,7
DA:47,7
DA:48,7
DA:50,16
DA:52,7
DA:58,0
DA:68,5
DA:69,1
DA:72,4
DA:75,4
DA:76,0
DA:78,4
DA:80,4
DA:81,6
DA:89,1
DA:91,5
DA:96,5
DA:97,0
DA:98,0
DA:101,5
DA:102,5
DA:103,1
DA:108,4
DA:110,16
DA:114,5
DA:131,0
DA:132,0
DA:133,0
DA:136,0
DA:137,0
DA:141,0
DA:164,0
DA:165,0
DA:166,0
DA:167,0
DA:168,0
DA:170,0
DA:172,0
DA:176,32
DA:177,32
DA:182,0
LF:51
LH:33
BRDA:18,0,0,1
BRDA:18,0,1,11
BRDA:26,1,0,4
BRDA:26,1,1,7
BRDA:32,2,0,4
BRDA:32,2,1,7
BRDA:33,3,0,11
BRDA:33,3,1,10
BRDA:33,3,2,9
BRDA:33,3,3,8
BRDA:46,4,0,7
BRDA:46,4,1,0
BRDA:68,5,0,1
BRDA:68,5,1,4
BRDA:75,6,0,0
BRDA:75,6,1,4
BRDA:81,7,0,1
BRDA:81,7,1,5
BRDA:82,8,0,6
BRDA:82,8,1,4
BRDA:82,8,2,6
BRDA:96,9,0,0
BRDA:96,9,1,5
BRDA:102,10,0,1
BRDA:102,10,1,4
BRDA:131,11,0,0
BRDA:131,11,1,0
BRDA:137,12,0,0
BRDA:137,12,1,0
BRDA:176,13,0,32
BRDA:176,13,1,0
BRDA:176,14,0,32
BRDA:176,14,1,32
BRF:33
BRH:25
end_of_record
TN:
SF:/mnt/c/Users/hogas/Documents/develop/twitterOpenOriginalImage/src/helpers/ButtonSetters.ts
FNF:0
FNH:0
DA:10,1
DA:12,1
DA:13,1
LF:3
LH:3
BRF:0
BRH:0
end_of_record
TN:
SF:/mnt/c/Users/hogas/Documents/develop/twitterOpenOriginalImage/src/helpers/Constants.ts
FNF:0
FNH:0
DA:4,8
DA:5,8
DA:8,8
DA:9,8
DA:10,8
DA:12,8
DA:13,8
DA:14,8
DA:16,8
DA:17,8
DA:22,8
DA:23,8
DA:40,8
DA:50,8
LF:14
LH:14
BRF:0
BRH:0
end_of_record
TN:
SF:/mnt/c/Users/hogas/Documents/develop/twitterOpenOriginalImage/src/helpers/Utils.ts
FN:11,(anonymous_0)
FN:16,(anonymous_1)
FN:41,(anonymous_2)
FN:70,(anonymous_3)
FN:86,(anonymous_4)
FN:93,(anonymous_5)
FN:105,(anonymous_6)
FN:107,(anonymous_7)
FN:111,(anonymous_8)
FN:119,(anonymous_9)
FN:121,(anonymous_10)
FNF:11
FNH:11
FNDA:4,(anonymous_0)
FNDA:39,(anonymous_1)
FNDA:48,(anonymous_2)
FNDA:27,(anonymous_3)
FNDA:7,(anonymous_4)
FNDA:13,(anonymous_5)
FNDA:3,(anonymous_6)
FNDA:3,(anonymous_7)
FNDA:3,(anonymous_8)
FNDA:2,(anonymous_9)
FNDA:10,(anonymous_10)
DA:11,4
DA:12,4
DA:16,4
DA:25,39
DA:27,4
DA:30,35
DA:34,35
DA:38,35
DA:42,48
DA:43,48
DA:44,38
DA:49,35
DA:51,35
DA:53,35
DA:55,35
DA:57,35
DA:70,4
DA:71,27
DA:72,2
DA:75,25
DA:76,25
DA:78,3
DA:81,22
DA:82,22
DA:86,4
DA:87,7
DA:88,1
DA:89,1
DA:91,6
DA:95,13
DA:96,13
DA:97,11
DA:99,2
DA:105,4
DA:106,3
DA:107,3
DA:108,3
DA:111,3
DA:112,3
DA:113,2
DA:115,1
DA:118,3
DA:120,2
DA:121,2
DA:122,10
DA:125,2
DA:127,2
LF:47
LH:47
BRDA:25,0,0,4
BRDA:25,0,1,35
BRDA:43,1,0,38
BRDA:43,1,1,10
BRDA:43,2,0,48
BRDA:43,2,1,25
BRDA:55,3,0,35
BRDA:55,3,1,31
BRDA:64,4,0,35
BRDA:64,4,1,17
BRDA:65,5,0,35
BRDA:65,5,1,20
BRDA:71,6,0,2
BRDA:71,6,1,25
BRDA:71,7,0,27
BRDA:71,7,1,25
BRDA:76,8,0,3
BRDA:76,8,1,22
BRDA:87,9,0,1
BRDA:87,9,1,6
BRDA:96,10,0,11
BRDA:96,10,1,2
BRDA:112,11,0,2
BRDA:112,11,1,1
BRDA:122,12,0,10
BRDA:122,12,1,5
BRF:26
BRH:26
end_of_record
