TN:
SF:/mnt/c/Users/hogas/Documents/develop/twitterOpenOriginalImage/src/popup.tsx
FN:41,(anonymous_0)
FN:45,(anonymous_1)
FN:46,(anonymous_2)
FN:49,(anonymous_3)
FN:50,(anonymous_4)
FN:61,(anonymous_5)
FN:66,(anonymous_6)
FN:74,(anonymous_7)
FN:79,(anonymous_8)
FN:158,(anonymous_9)
FNF:10
FNH:3
FNDA:2,(anonymous_0)
FNDA:0,(anonymous_1)
FNDA:0,(anonymous_2)
FNDA:0,(anonymous_3)
FNDA:0,(anonymous_4)
FNDA:0,(anonymous_5)
FNDA:0,(anonymous_6)
FNDA:10,(anonymous_7)
FNDA:0,(anonymous_8)
FNDA:5,(anonymous_9)
DA:29,1
DA:41,1
DA:42,2
DA:43,2
DA:45,2
DA:46,0
DA:47,0
DA:49,0
DA:50,0
DA:52,0
DA:53,0
DA:55,0
DA:56,0
DA:61,0
DA:64,0
DA:66,0
DA:67,0
DA:73,2
DA:74,2
DA:75,10
DA:80,0
DA:94,2
DA:155,1
DA:156,1
DA:157,1
DA:158,1
DA:161,5
DA:164,1
DA:170,1
LF:29
LH:16
BRDA:47,0,0,0
BRDA:47,0,1,0
BRDA:52,1,0,0
BRDA:52,1,1,0
BRDA:52,2,0,0
BRDA:52,2,1,0
BRDA:56,3,0,0
BRDA:56,3,1,0
BRF:8
BRH:0
end_of_record
TN:
SF:/mnt/c/Users/hogas/Documents/develop/twitterOpenOriginalImage/src/helpers/ButtonSetter.ts
FN:13,(anonymous_0)
FN:22,(anonymous_1)
FN:27,(anonymous_2)
FN:41,(anonymous_3)
FN:45,(anonymous_4)
FN:50,(anonymous_5)
FN:82,(anonymous_6)
FN:93,(anonymous_7)
FN:121,(anonymous_8)
FN:138,(anonymous_9)
FN:151,(anonymous_10)
FN:176,(anonymous_11)
FN:181,(anonymous_12)
FN:191,(anonymous_13)
FN:217,(anonymous_14)
FN:222,(anonymous_15)
FN:230,(anonymous_16)
FN:245,(anonymous_17)
FN:247,(anonymous_18)
FN:260,(anonymous_19)
FN:261,(anonymous_20)
FN:273,(anonymous_21)
FN:284,(anonymous_22)
FN:302,(anonymous_23)
FNF:24
FNH:8
FNDA:2,(anonymous_0)
FNDA:1,(anonymous_1)
FNDA:1,(anonymous_2)
FNDA:2,(anonymous_3)
FNDA:5,(anonymous_4)
FNDA:1,(anonymous_5)
FNDA:1,(anonymous_6)
FNDA:0,(anonymous_7)
FNDA:0,(anonymous_8)
FNDA:0,(anonymous_9)
FNDA:0,(anonymous_10)
FNDA:0,(anonymous_11)
FNDA:0,(anonymous_12)
FNDA:0,(anonymous_13)
FNDA:0,(anonymous_14)
FNDA:0,(anonymous_15)
FNDA:0,(anonymous_16)
FNDA:0,(anonymous_17)
FNDA:0,(anonymous_18)
FNDA:0,(anonymous_19)
FNDA:0,(anonymous_20)
FNDA:0,(anonymous_21)
FNDA:1,(anonymous_22)
FNDA:0,(anonymous_23)
DA:14,2
DA:15,1
DA:16,1
DA:18,1
DA:24,1
DA:29,1
DA:31,1
DA:33,1
DA:45,2
DA:46,5
DA:59,1
DA:77,1
DA:78,1
DA:79,1
DA:80,1
DA:81,1
DA:82,1
DA:83,1
DA:86,1
DA:87,1
DA:89,1
DA:90,1
DA:102,0
DA:103,0
DA:104,0
DA:107,0
DA:109,0
DA:110,0
DA:111,0
DA:112,0
DA:121,0
DA:122,0
DA:125,0
DA:127,0
DA:128,0
DA:134,0
DA:135,0
DA:142,0
DA:143,0
DA:145,0
DA:146,0
DA:147,0
DA:149,0
DA:151,0
DA:153,0
DA:163,0
DA:164,0
DA:167,0
DA:172,0
DA:175,0
DA:176,0
DA:177,0
DA:181,0
DA:182,0
DA:195,0
DA:196,0
DA:198,0
DA:199,0
DA:209,0
DA:212,0
DA:217,0
DA:218,0
DA:222,0
DA:223,0
DA:234,0
DA:235,0
DA:237,0
DA:238,0
DA:241,0
DA:242,0
DA:245,0
DA:247,0
DA:248,0
DA:250,0
DA:254,0
DA:258,0
DA:260,0
DA:261,0
DA:263,0
DA:264,0
DA:265,0
DA:267,0
DA:269,0
DA:270,0
DA:271,0
DA:273,0
DA:276,0
DA:286,1
DA:288,1
DA:291,1
DA:292,1
DA:295,0
DA:296,0
DA:297,0
DA:299,0
DA:305,0
DA:308,0
DA:310,0
DA:311,0
DA:312,0
DA:313,0
DA:317,0
LF:102
LH:26
BRDA:14,0,0,1
BRDA:14,0,1,1
BRDA:102,1,0,0
BRDA:102,1,1,0
BRDA:142,2,0,0
BRDA:142,2,1,0
BRDA:146,3,0,0
BRDA:146,3,1,0
BRDA:153,4,0,0
BRDA:153,4,1,0
BRDA:154,5,0,0
BRDA:154,5,1,0
BRDA:155,6,0,0
BRDA:155,6,1,0
BRDA:175,7,0,0
BRDA:175,7,1,0
BRDA:195,8,0,0
BRDA:195,8,1,0
BRDA:199,9,0,0
BRDA:199,9,1,0
BRDA:200,10,0,0
BRDA:200,10,1,0
BRDA:200,10,2,0
BRDA:234,11,0,0
BRDA:234,11,1,0
BRDA:241,12,0,0
BRDA:241,12,1,0
BRDA:250,13,0,0
BRDA:250,13,1,0
BRDA:251,14,0,0
BRDA:251,14,1,0
BRDA:263,15,0,0
BRDA:263,15,1,0
BRDA:267,16,0,0
BRDA:267,16,1,0
BRDA:273,17,0,0
BRDA:273,17,1,0
BRDA:291,18,0,1
BRDA:291,18,1,0
BRDA:291,19,0,1
BRDA:291,19,1,0
BRDA:296,20,0,0
BRDA:296,20,1,0
BRDA:296,21,0,0
BRDA:296,21,1,0
BRDA:308,22,0,0
BRDA:308,22,1,0
BRDA:310,23,0,0
BRDA:310,23,1,0
BRDA:310,24,0,0
BRDA:310,24,1,0
BRDA:312,25,0,0
BRDA:312,25,1,0
BRDA:312,26,0,0
BRDA:312,26,1,0
BRF:55
BRH:4
end_of_record
TN:
SF:/mnt/c/Users/hogas/Documents/develop/twitterOpenOriginalImage/src/helpers/ButtonSetterTweetDeck.ts
FN:14,(anonymous_0)
FN:31,(anonymous_1)
FN:47,(anonymous_2)
FN:50,(anonymous_3)
FN:64,(anonymous_4)
FN:82,(anonymous_5)
FN:103,(anonymous_6)
FN:112,(anonymous_7)
FN:124,(anonymous_8)
FN:169,(anonymous_9)
FN:177,(anonymous_10)
FNF:11
FNH:0
FNDA:0,(anonymous_0)
FNDA:0,(anonymous_1)
FNDA:0,(anonymous_2)
FNDA:0,(anonymous_3)
FNDA:0,(anonymous_4)
FNDA:0,(anonymous_5)
FNDA:0,(anonymous_6)
FNDA:0,(anonymous_7)
FNDA:0,(anonymous_8)
FNDA:0,(anonymous_9)
FNDA:0,(anonymous_10)
DA:18,0
DA:19,0
DA:23,0
DA:26,0
DA:27,0
DA:29,0
DA:31,0
DA:32,0
DA:42,0
DA:45,0
DA:46,0
DA:47,0
DA:48,0
DA:50,0
DA:52,0
DA:58,0
DA:68,0
DA:69,0
DA:74,0
DA:77,0
DA:78,0
DA:80,0
DA:82,0
DA:83,0
DA:91,0
DA:93,0
DA:98,0
DA:99,0
DA:100,0
DA:103,0
DA:104,0
DA:105,0
DA:110,0
DA:112,0
DA:116,0
DA:133,0
DA:134,0
DA:135,0
DA:138,0
DA:139,0
DA:143,0
DA:166,0
DA:167,0
DA:168,0
DA:169,0
DA:170,0
DA:172,0
DA:174,0
DA:178,0
DA:179,0
DA:181,0
LF:51
LH:0
BRDA:18,0,0,0
BRDA:18,0,1,0
BRDA:26,1,0,0
BRDA:26,1,1,0
BRDA:32,2,0,0
BRDA:32,2,1,0
BRDA:33,3,0,0
BRDA:33,3,1,0
BRDA:33,3,2,0
BRDA:33,3,3,0
BRDA:46,4,0,0
BRDA:46,4,1,0
BRDA:68,5,0,0
BRDA:68,5,1,0
BRDA:77,6,0,0
BRDA:77,6,1,0
BRDA:83,7,0,0
BRDA:83,7,1,0
BRDA:84,8,0,0
BRDA:84,8,1,0
BRDA:84,8,2,0
BRDA:98,9,0,0
BRDA:98,9,1,0
BRDA:104,10,0,0
BRDA:104,10,1,0
BRDA:133,11,0,0
BRDA:133,11,1,0
BRDA:139,12,0,0
BRDA:139,12,1,0
BRDA:178,13,0,0
BRDA:178,13,1,0
BRDA:178,14,0,0
BRDA:178,14,1,0
BRF:33
BRH:0
end_of_record
TN:
SF:/mnt/c/Users/hogas/Documents/develop/twitterOpenOriginalImage/src/helpers/ButtonSetters.ts
FNF:0
FNH:0
DA:10,1
DA:12,1
DA:13,1
LF:3
LH:3
BRF:0
BRH:0
end_of_record
TN:
SF:/mnt/c/Users/hogas/Documents/develop/twitterOpenOriginalImage/src/helpers/Constants.ts
FNF:0
FNH:0
DA:4,6
DA:5,6
DA:8,6
DA:9,6
DA:10,6
DA:12,6
DA:13,6
DA:14,6
DA:16,6
DA:17,6
DA:22,6
DA:23,6
DA:40,6
DA:50,6
LF:14
LH:14
BRF:0
BRH:0
end_of_record
TN:
SF:/mnt/c/Users/hogas/Documents/develop/twitterOpenOriginalImage/src/helpers/Utils.ts
FN:11,(anonymous_0)
FN:16,(anonymous_1)
FN:41,(anonymous_2)
FN:70,(anonymous_3)
FN:86,(anonymous_4)
FN:93,(anonymous_5)
FN:105,(anonymous_6)
FN:107,(anonymous_7)
FN:111,(anonymous_8)
FN:119,(anonymous_9)
FN:121,(anonymous_10)
FNF:11
FNH:11
FNDA:4,(anonymous_0)
FNDA:39,(anonymous_1)
FNDA:48,(anonymous_2)
FNDA:27,(anonymous_3)
FNDA:7,(anonymous_4)
FNDA:13,(anonymous_5)
FNDA:3,(anonymous_6)
FNDA:3,(anonymous_7)
FNDA:3,(anonymous_8)
FNDA:2,(anonymous_9)
FNDA:10,(anonymous_10)
DA:11,3
DA:12,4
DA:16,3
DA:25,39
DA:27,4
DA:30,35
DA:34,35
DA:38,35
DA:42,48
DA:43,48
DA:44,38
DA:49,35
DA:51,35
DA:53,35
DA:55,35
DA:57,35
DA:70,3
DA:71,27
DA:72,2
DA:75,25
DA:76,25
DA:78,3
DA:81,22
DA:82,22
DA:86,3
DA:87,7
DA:88,1
DA:89,1
DA:91,6
DA:95,13
DA:96,13
DA:97,11
DA:99,2
DA:105,3
DA:106,3
DA:107,3
DA:108,3
DA:111,3
DA:112,3
DA:113,2
DA:115,1
DA:118,3
DA:120,2
DA:121,2
DA:122,10
DA:125,2
DA:127,2
LF:47
LH:47
BRDA:25,0,0,4
BRDA:25,0,1,35
BRDA:43,1,0,38
BRDA:43,1,1,10
BRDA:43,2,0,48
BRDA:43,2,1,25
BRDA:55,3,0,35
BRDA:55,3,1,31
BRDA:64,4,0,35
BRDA:64,4,1,17
BRDA:65,5,0,35
BRDA:65,5,1,20
BRDA:71,6,0,2
BRDA:71,6,1,25
BRDA:71,7,0,27
BRDA:71,7,1,25
BRDA:76,8,0,3
BRDA:76,8,1,22
BRDA:87,9,0,1
BRDA:87,9,1,6
BRDA:96,10,0,11
BRDA:96,10,1,2
BRDA:112,11,0,2
BRDA:112,11,1,1
BRDA:122,12,0,10
BRDA:122,12,1,5
BRF:26
BRH:26
end_of_record
